<?xml version="1.0" encoding="UTF-8"?>
<testsuite name="com.ricardotrindade.ukpostkode.UkPostkodeTest" tests="1" skipped="0" failures="0" errors="0" timestamp="2020-06-14T21:32:16" hostname="Ricardos-MacBook-Pro.local" time="0.017">
  <properties/>
  <testcase name="testBase" classname="com.ricardotrindade.ukpostkode.UkPostkodeTest" time="0.017"/>
  <system-out><![CDATA[]]></system-out>
  <system-err><![CDATA[]]></system-err>
</testsuite>
